Using pre-set license

 COMMAND LINE ARGUMENTS:
/Applications/Unity/Hub/Editor/2020.3.15f1/Unity.app/Contents/MacOS/Unity
-adb2
-batchMode
-noUpm
-name
AssetImportWorker0
-projectPath
/Users/archie/business/URP UniVrm
-logFile
Logs/AssetImportWorker0.log
-srvPort
51588
Successfully changed project path to: /Users/archie/business/URP UniVrm
/Users/archie/business/URP UniVrm
Using Asset Import Pipeline V2.
Refreshing native plugins compatible for Editor in 74.46 ms, found 2 plugins.
Preloading 0 native plugins for Editor in 0.00 ms.
Initialize engine version: 2020.3.15f1 (5e502cb56e17)
[Subsystems] Discovering subsystems at path /Applications/Unity/Hub/Editor/2020.3.15f1/Unity.app/Contents/Resources/UnitySubsystems
[Subsystems] Discovering subsystems at path /Users/archie/business/URP UniVrm/Assets
GfxDevice: creating device client; threaded=0
2021-08-12 11:07:34.897 Unity[11250:153846] Color LCD preferred device: AMD Radeon Pro 560 (high power)
2021-08-12 11:07:34.897 Unity[11250:153846] Metal devices available: 2
2021-08-12 11:07:34.897 Unity[11250:153846] 0: AMD Radeon Pro 560 (high power)
2021-08-12 11:07:34.897 Unity[11250:153846] 1: Intel(R) HD Graphics 630 (low power)
2021-08-12 11:07:34.898 Unity[11250:153846] Using device AMD Radeon Pro 560 (high power)
Initializing Metal device caps: AMD Radeon Pro 560
Initialize mono
Mono path[0] = '/Applications/Unity/Hub/Editor/2020.3.15f1/Unity.app/Contents/Managed'
Mono path[1] = '/Applications/Unity/Hub/Editor/2020.3.15f1/Unity.app/Contents/MonoBleedingEdge/lib/mono/unityjit'
Mono config path = '/Applications/Unity/Hub/Editor/2020.3.15f1/Unity.app/Contents/MonoBleedingEdge/etc'
Using monoOptions --debugger-agent=transport=dt_socket,embedding=1,server=y,suspend=n,address=127.0.0.1:56250
Begin MonoManager ReloadAssembly
Registering precompiled unity dll's ...
Register platform support module: /Applications/Unity/Hub/Editor/2020.3.15f1/PlaybackEngines/WebGLSupport/UnityEditor.WebGL.Extensions.dll
Register platform support module: /Applications/Unity/Hub/Editor/2020.3.15f1/Unity.app/Contents/PlaybackEngines/MacStandaloneSupport/UnityEditor.OSXStandalone.Extensions.dll
Register platform support module: /Applications/Unity/Hub/Editor/2020.3.15f1/PlaybackEngines/WindowsStandaloneSupport/UnityEditor.WindowsStandalone.Extensions.dll
Register platform support module: /Applications/Unity/Hub/Editor/2020.3.15f1/PlaybackEngines/LinuxStandaloneSupport/UnityEditor.LinuxStandalone.Extensions.dll
Registered in 0.001364 seconds.
Native extension for LinuxStandalone target not found
Native extension for WindowsStandalone target not found
Native extension for OSXStandalone target not found
Native extension for WebGL target not found
Refreshing native plugins compatible for Editor in 63.67 ms, found 2 plugins.
Preloading 0 native plugins for Editor in 0.00 ms.
Mono: successfully reloaded assembly
- Completed reload, in  4.529 seconds
Domain Reload Profiling:
	ReloadAssembly (4529ms)
		BeginReloadAssembly (71ms)
			ExecutionOrderSort (0ms)
			DisableScriptedObjects (0ms)
			BackupInstance (0ms)
			ReleaseScriptingObjects (0ms)
			CreateAndSetChildDomain (2ms)
		EndReloadAssembly (622ms)
			LoadAssemblies (70ms)
			RebuildTransferFunctionScriptingTraits (0ms)
			SetupTypeCache (240ms)
			ReleaseScriptCaches (0ms)
			RebuildScriptCaches (54ms)
			SetupLoadedEditorAssemblies (259ms)
				LogAssemblyErrors (0ms)
				InitializePlatformSupportModulesInManaged (8ms)
				SetLoadedEditorAssemblies (1ms)
				RefreshPlugins (64ms)
				BeforeProcessingInitializeOnLoad (30ms)
				ProcessInitializeOnLoadAttributes (123ms)
				ProcessInitializeOnLoadMethodAttributes (35ms)
				AfterProcessingInitializeOnLoad (0ms)
				EditorAssembliesLoaded (0ms)
			ExecutionOrderSort2 (0ms)
			AwakeInstancesAfterBackupRestoration (0ms)
Platform modules already initialized, skipping
Registering precompiled user dll's ...
Registered in 0.006787 seconds.
Begin MonoManager ReloadAssembly
Native extension for LinuxStandalone target not found
Native extension for WindowsStandalone target not found
Native extension for OSXStandalone target not found
Native extension for WebGL target not found
Refreshing native plugins compatible for Editor in 72.24 ms, found 2 plugins.
Preloading 0 native plugins for Editor in 0.00 ms.
Mono: successfully reloaded assembly
- Completed reload, in  1.911 seconds
Domain Reload Profiling:
	ReloadAssembly (1915ms)
		BeginReloadAssembly (227ms)
			ExecutionOrderSort (0ms)
			DisableScriptedObjects (7ms)
			BackupInstance (0ms)
			ReleaseScriptingObjects (0ms)
			CreateAndSetChildDomain (43ms)
		EndReloadAssembly (1595ms)
			LoadAssemblies (175ms)
			RebuildTransferFunctionScriptingTraits (0ms)
			SetupTypeCache (516ms)
			ReleaseScriptCaches (1ms)
			RebuildScriptCaches (90ms)
			SetupLoadedEditorAssemblies (644ms)
				LogAssemblyErrors (0ms)
				InitializePlatformSupportModulesInManaged (8ms)
				SetLoadedEditorAssemblies (0ms)
				RefreshPlugins (72ms)
				BeforeProcessingInitializeOnLoad (130ms)
				ProcessInitializeOnLoadAttributes (425ms)
				ProcessInitializeOnLoadMethodAttributes (6ms)
				AfterProcessingInitializeOnLoad (2ms)
				EditorAssembliesLoaded (0ms)
			ExecutionOrderSort2 (0ms)
			AwakeInstancesAfterBackupRestoration (10ms)
Platform modules already initialized, skipping
========================================================================
Worker process is ready to serve import requests
Shader 'Universal Render Pipeline/Particles/Lit': fallback shader 'Universal Render Pipeline/Particles/SimpleLit' not found
Shader 'Universal Render Pipeline/Particles/Lit': fallback shader 'Universal Render Pipeline/Particles/SimpleLit' not found
Launching external process: /Applications/Unity/Hub/Editor/2020.3.15f1/Unity.app/Contents/Tools/UnityShaderCompiler
Launched and connected shader compiler UnityShaderCompiler after 0.02 seconds
Refreshing native plugins compatible for Editor in 0.77 ms, found 2 plugins.
Preloading 0 native plugins for Editor in 0.00 ms.
Unloading 3162 Unused Serialized files (Serialized files now loaded: 0)
System memory in use before: 227.3 MB.
System memory in use after: 224.6 MB.

Unloading 54 unused Assets to reduce memory usage. Loaded Objects now: 3560.
Total: 5.181860 ms (FindLiveObjects: 0.434231 ms CreateObjectMapping: 0.221579 ms MarkObjects: 2.883864 ms  DeleteObjects: 1.641119 ms)

AssetImportParameters requested are different than current active one (requested -> active):
  custom:video-decoder-ogg-theora: a1e56fd34408186e4bbccfd4996cb3dc -> 
  custom:container-muxer-webm: aa71ff27fc2769a1b78a27578f13a17b -> 
  custom:container-demuxer-webm: 4f35f7cbe854078d1ac9338744f61a02 -> 
  custom:container-demuxer-ogg: 62fdf1f143b41e24485cea50d1cbac27 -> 
  custom:video-encoder-webm-vp8: eb34c28f22e8b96e1ab97ce403110664 -> 
  custom:framework-osx-AVFoundation: e770b220cccbd017edd2c1fefb359320 -> 
  custom:video-decoder-webm-vp8: 9c59270c3fd7afecdb556c50c9e8de78 -> 
  custom:audio-decoder-ogg-vorbis: bf7c407c2cedff20999df2af8eb42d56 -> 
  custom:audio-encoder-webm-vorbis: bf7c407c2cedff20999df2af8eb42d56 -> 
========================================================================
Received Import Request.
  path: Assets/tmp/Sharon.prefab
  artifactKey: Guid(915bf709874044dd896b7e47b0ae6455) Importer(815301076,1909f56bfc062723c751e8b465ee728b)
Start importing Assets/tmp/Sharon.prefab using Guid(915bf709874044dd896b7e47b0ae6455) Importer(815301076,1909f56bfc062723c751e8b465ee728b)  -> (artifact id: 'df561fd59a0f059f91c0e70faa590059') in 1.769095 seconds 
  Import took 1.781663 seconds .

========================================================================
Received Import Request.
  Time since last request: 0.000339 seconds.
  path: Assets/tmp
  artifactKey: Guid(e8b2f531b9dfd4ac7877e950f393e002) Importer(815301076,1909f56bfc062723c751e8b465ee728b)
Start importing Assets/tmp using Guid(e8b2f531b9dfd4ac7877e950f393e002) Importer(815301076,1909f56bfc062723c751e8b465ee728b)  -> (artifact id: 'd2ca64dbc3ccb47aabe2e922b97c0f55') in 0.001155 seconds 
  Import took 0.009275 seconds .

========================================================================
Received Import Request.
  Time since last request: 2.622949 seconds.
  path: Assets/tmp/Sharon.vrm
  artifactKey: Guid(899ba39ea6c714c648de316ead6a425e) Importer(815301076,1909f56bfc062723c751e8b465ee728b)
Start importing Assets/tmp/Sharon.vrm using Guid(899ba39ea6c714c648de316ead6a425e) Importer(815301076,1909f56bfc062723c751e8b465ee728b)  -> (artifact id: '71e504e648aace4bbeb5f77acab5be18') in 0.422344 seconds 
  Import took 0.429493 seconds .

========================================================================
Received Import Request.
  Time since last request: 0.851870 seconds.
  path: Assets/tmp/Sharon.Avatar
  artifactKey: Guid(a1a6202e20efd4bed8c0c9e4567299fe) Importer(815301076,1909f56bfc062723c751e8b465ee728b)
Start importing Assets/tmp/Sharon.Avatar using Guid(a1a6202e20efd4bed8c0c9e4567299fe) Importer(815301076,1909f56bfc062723c751e8b465ee728b)  -> (artifact id: '1a3753c3db9624cf11eee2d6c97a9a35') in 0.006328 seconds 
  Import took 0.012917 seconds .

========================================================================
Received Import Request.
  Time since last request: 19.061947 seconds.
  path: Assets/URP UniVrm/SampleScenes
  artifactKey: Guid(c75656dafe00248afaf5035700b09e01) Importer(815301076,1909f56bfc062723c751e8b465ee728b)
Start importing Assets/URP UniVrm/SampleScenes using Guid(c75656dafe00248afaf5035700b09e01) Importer(815301076,1909f56bfc062723c751e8b465ee728b)  -> (artifact id: 'fe52410a11f381a0541328250bac3d51') in 0.002855 seconds 
  Import took 0.008802 seconds .

========================================================================
Received Prepare
Registering precompiled user dll's ...
Registered in 0.004430 seconds.
Begin MonoManager ReloadAssembly
Native extension for LinuxStandalone target not found
Native extension for WindowsStandalone target not found
Native extension for OSXStandalone target not found
Native extension for WebGL target not found
Refreshing native plugins compatible for Editor in 0.64 ms, found 2 plugins.
Preloading 0 native plugins for Editor in 0.00 ms.
Mono: successfully reloaded assembly
- Completed reload, in  1.707 seconds
Domain Reload Profiling:
	ReloadAssembly (1707ms)
		BeginReloadAssembly (228ms)
			ExecutionOrderSort (0ms)
			DisableScriptedObjects (8ms)
			BackupInstance (0ms)
			ReleaseScriptingObjects (0ms)
			CreateAndSetChildDomain (123ms)
		EndReloadAssembly (1397ms)
			LoadAssemblies (106ms)
			RebuildTransferFunctionScriptingTraits (0ms)
			SetupTypeCache (511ms)
			ReleaseScriptCaches (2ms)
			RebuildScriptCaches (85ms)
			SetupLoadedEditorAssemblies (470ms)
				LogAssemblyErrors (0ms)
				InitializePlatformSupportModulesInManaged (8ms)
				SetLoadedEditorAssemblies (1ms)
				RefreshPlugins (1ms)
				BeforeProcessingInitializeOnLoad (105ms)
				ProcessInitializeOnLoadAttributes (348ms)
				ProcessInitializeOnLoadMethodAttributes (5ms)
				AfterProcessingInitializeOnLoad (2ms)
				EditorAssembliesLoaded (0ms)
			ExecutionOrderSort2 (0ms)
			AwakeInstancesAfterBackupRestoration (20ms)
Platform modules already initialized, skipping
Shader 'Universal Render Pipeline/Particles/Lit': fallback shader 'Universal Render Pipeline/Particles/SimpleLit' not found
Shader 'Universal Render Pipeline/Particles/Lit': fallback shader 'Universal Render Pipeline/Particles/SimpleLit' not found
Refreshing native plugins compatible for Editor in 1.05 ms, found 2 plugins.
Preloading 0 native plugins for Editor in 0.00 ms.
Unloading 3082 Unused Serialized files (Serialized files now loaded: 0)
System memory in use before: 252.7 MB.
System memory in use after: 250.0 MB.

Unloading 49 unused Assets to reduce memory usage. Loaded Objects now: 3609.
Total: 5.178382 ms (FindLiveObjects: 0.439908 ms CreateObjectMapping: 0.265004 ms MarkObjects: 2.803253 ms  DeleteObjects: 1.668686 ms)

AssetImportParameters requested are different than current active one (requested -> active):
  custom:video-decoder-ogg-theora: a1e56fd34408186e4bbccfd4996cb3dc -> 
  custom:container-muxer-webm: aa71ff27fc2769a1b78a27578f13a17b -> 
  custom:container-demuxer-webm: 4f35f7cbe854078d1ac9338744f61a02 -> 
  custom:container-demuxer-ogg: 62fdf1f143b41e24485cea50d1cbac27 -> 
  custom:video-encoder-webm-vp8: eb34c28f22e8b96e1ab97ce403110664 -> 
  custom:framework-osx-AVFoundation: e770b220cccbd017edd2c1fefb359320 -> 
  custom:video-decoder-webm-vp8: 9c59270c3fd7afecdb556c50c9e8de78 -> 
  custom:audio-decoder-ogg-vorbis: bf7c407c2cedff20999df2af8eb42d56 -> 
  custom:audio-encoder-webm-vorbis: bf7c407c2cedff20999df2af8eb42d56 -> 
========================================================================
Received Import Request.
  Time since last request: 551.025146 seconds.
  path: Assets/URP UniVrm/VRMShaders/GLTF/IO/Runtime/MaterialFactory.cs
  artifactKey: Guid(49debef8f9942e8478c291dc7a41870c) Importer(815301076,1909f56bfc062723c751e8b465ee728b)
Start importing Assets/URP UniVrm/VRMShaders/GLTF/IO/Runtime/MaterialFactory.cs using Guid(49debef8f9942e8478c291dc7a41870c) Importer(815301076,1909f56bfc062723c751e8b465ee728b)  -> (artifact id: 'd05c5f18ab45632ce012824dc105e162') in 0.496349 seconds 
  Import took 0.503185 seconds .

========================================================================
Received Import Request.
  Time since last request: 23.266983 seconds.
  path: Assets/tmp/Sharon.prefab
  artifactKey: Guid(915bf709874044dd896b7e47b0ae6455) Importer(815301076,1909f56bfc062723c751e8b465ee728b)
Start importing Assets/tmp/Sharon.prefab using Guid(915bf709874044dd896b7e47b0ae6455) Importer(815301076,1909f56bfc062723c751e8b465ee728b)  -> (artifact id: '849286240a9e9bd11eaa2d62442b1468') in 0.432765 seconds 
  Import took 0.444476 seconds .

========================================================================
Received Import Request.
  Time since last request: 3.007037 seconds.
  path: Assets/tmp/Sharon.Textures/Thumbnail.png
  artifactKey: Guid(902cc7104b2dc41519b8d530b851c343) Importer(815301076,1909f56bfc062723c751e8b465ee728b)
Start importing Assets/tmp/Sharon.Textures/Thumbnail.png using Guid(902cc7104b2dc41519b8d530b851c343) Importer(815301076,1909f56bfc062723c751e8b465ee728b)  -> (artifact id: '4b9f3e1a728b4d7d727d1b3c1a95f312') in 0.961401 seconds 
  Import took 0.966882 seconds .

========================================================================
Received Prepare
Registering precompiled user dll's ...
Registered in 0.006015 seconds.
Begin MonoManager ReloadAssembly
Native extension for LinuxStandalone target not found
Native extension for WindowsStandalone target not found
Native extension for OSXStandalone target not found
Native extension for WebGL target not found
Refreshing native plugins compatible for Editor in 0.64 ms, found 2 plugins.
Preloading 0 native plugins for Editor in 0.00 ms.
Mono: successfully reloaded assembly
- Completed reload, in  1.700 seconds
Domain Reload Profiling:
	ReloadAssembly (1701ms)
		BeginReloadAssembly (191ms)
			ExecutionOrderSort (0ms)
			DisableScriptedObjects (10ms)
			BackupInstance (0ms)
			ReleaseScriptingObjects (0ms)
			CreateAndSetChildDomain (106ms)
		EndReloadAssembly (1426ms)
			LoadAssemblies (107ms)
			RebuildTransferFunctionScriptingTraits (0ms)
			SetupTypeCache (502ms)
			ReleaseScriptCaches (1ms)
			RebuildScriptCaches (73ms)
			SetupLoadedEditorAssemblies (527ms)
				LogAssemblyErrors (0ms)
				InitializePlatformSupportModulesInManaged (8ms)
				SetLoadedEditorAssemblies (1ms)
				RefreshPlugins (1ms)
				BeforeProcessingInitializeOnLoad (101ms)
				ProcessInitializeOnLoadAttributes (410ms)
				ProcessInitializeOnLoadMethodAttributes (5ms)
				AfterProcessingInitializeOnLoad (2ms)
				EditorAssembliesLoaded (0ms)
			ExecutionOrderSort2 (0ms)
			AwakeInstancesAfterBackupRestoration (23ms)
Platform modules already initialized, skipping
Shader 'Universal Render Pipeline/Particles/Lit': fallback shader 'Universal Render Pipeline/Particles/SimpleLit' not found
Shader 'Universal Render Pipeline/Particles/Lit': fallback shader 'Universal Render Pipeline/Particles/SimpleLit' not found
Refreshing native plugins compatible for Editor in 0.77 ms, found 2 plugins.
Preloading 0 native plugins for Editor in 0.00 ms.
Unloading 3082 Unused Serialized files (Serialized files now loaded: 0)
System memory in use before: 261.8 MB.
System memory in use after: 259.1 MB.

Unloading 49 unused Assets to reduce memory usage. Loaded Objects now: 3650.
Total: 4.637248 ms (FindLiveObjects: 0.363869 ms CreateObjectMapping: 0.161176 ms MarkObjects: 2.335486 ms  DeleteObjects: 1.775766 ms)

AssetImportParameters requested are different than current active one (requested -> active):
  custom:video-decoder-ogg-theora: a1e56fd34408186e4bbccfd4996cb3dc -> 
  custom:container-muxer-webm: aa71ff27fc2769a1b78a27578f13a17b -> 
  custom:container-demuxer-webm: 4f35f7cbe854078d1ac9338744f61a02 -> 
  custom:container-demuxer-ogg: 62fdf1f143b41e24485cea50d1cbac27 -> 
  custom:video-encoder-webm-vp8: eb34c28f22e8b96e1ab97ce403110664 -> 
  custom:framework-osx-AVFoundation: e770b220cccbd017edd2c1fefb359320 -> 
  custom:video-decoder-webm-vp8: 9c59270c3fd7afecdb556c50c9e8de78 -> 
  custom:audio-decoder-ogg-vorbis: bf7c407c2cedff20999df2af8eb42d56 -> 
  custom:audio-encoder-webm-vorbis: bf7c407c2cedff20999df2af8eb42d56 -> 
========================================================================
Received Import Request.
  Time since last request: 49.663508 seconds.
  path: Assets/tmp/Sharon.prefab
  artifactKey: Guid(915bf709874044dd896b7e47b0ae6455) Importer(815301076,1909f56bfc062723c751e8b465ee728b)
Start importing Assets/tmp/Sharon.prefab using Guid(915bf709874044dd896b7e47b0ae6455) Importer(815301076,1909f56bfc062723c751e8b465ee728b)  -> (artifact id: '15ecc7c78680626f85dca2fd551f7db8') in 0.419898 seconds 
  Import took 0.430076 seconds .

========================================================================
Received Import Request.
  Time since last request: 15.471268 seconds.
  path: Assets/URP UniVrm/SampleMaterials
  artifactKey: Guid(d0234ba368eeec9418390da711bfdad0) Importer(815301076,1909f56bfc062723c751e8b465ee728b)
Start importing Assets/URP UniVrm/SampleMaterials using Guid(d0234ba368eeec9418390da711bfdad0) Importer(815301076,1909f56bfc062723c751e8b465ee728b)  -> (artifact id: '7ee5ec5152b20f9b1bb4b42164598afc') in 0.003846 seconds 
  Import took 0.012570 seconds .

========================================================================
Received Import Request.
  Time since last request: 4.291399 seconds.
  path: Assets/URP UniVrm/SampleSettings
  artifactKey: Guid(0735c275001a2c84dafdb30deced5d8d) Importer(815301076,1909f56bfc062723c751e8b465ee728b)
Start importing Assets/URP UniVrm/SampleSettings using Guid(0735c275001a2c84dafdb30deced5d8d) Importer(815301076,1909f56bfc062723c751e8b465ee728b)  -> (artifact id: 'b03d064e077fff7ca0c39586755bd0de') in 0.003124 seconds 
  Import took 0.009496 seconds .

========================================================================
Received Import Request.
  Time since last request: 10.478694 seconds.
  path: Assets/URP UniVrm/ExampleScenes
  artifactKey: Guid(c75656dafe00248afaf5035700b09e01) Importer(815301076,1909f56bfc062723c751e8b465ee728b)
Start importing Assets/URP UniVrm/ExampleScenes using Guid(c75656dafe00248afaf5035700b09e01) Importer(815301076,1909f56bfc062723c751e8b465ee728b)  -> (artifact id: 'e097ca7a42e9a9d689f4aff42180c96d') in 0.003171 seconds 
  Import took 0.009855 seconds .

========================================================================
Received Import Request.
  Time since last request: 5.596535 seconds.
  path: Assets/URP UniVrm/ExampleScenes/ExampleScenes.unity
  artifactKey: Guid(d1c3109bdb54ad54c8a2b2838528e640) Importer(815301076,1909f56bfc062723c751e8b465ee728b)
Start importing Assets/URP UniVrm/ExampleScenes/ExampleScenes.unity using Guid(d1c3109bdb54ad54c8a2b2838528e640) Importer(815301076,1909f56bfc062723c751e8b465ee728b)  -> (artifact id: '442f9e448061b55e908bba0dc79ff75f') in 0.004661 seconds 
  Import took 0.013117 seconds .

========================================================================
Received Import Request.
  Time since last request: 62.827497 seconds.
  path: Assets/URP UniVrm/VRMShaders/GLTF/IO/Runtime/MaterialFactory.cs
  artifactKey: Guid(49debef8f9942e8478c291dc7a41870c) Importer(815301076,1909f56bfc062723c751e8b465ee728b)
Start importing Assets/URP UniVrm/VRMShaders/GLTF/IO/Runtime/MaterialFactory.cs using Guid(49debef8f9942e8478c291dc7a41870c) Importer(815301076,1909f56bfc062723c751e8b465ee728b)  -> (artifact id: 'fb25285b9157b2ac8a735aa0b6dd8291') in 0.002101 seconds 
  Import took 0.009762 seconds .

========================================================================
Received Prepare
Registering precompiled user dll's ...
Registered in 0.004909 seconds.
Begin MonoManager ReloadAssembly
Native extension for LinuxStandalone target not found
Native extension for WindowsStandalone target not found
Native extension for OSXStandalone target not found
Native extension for WebGL target not found
Refreshing native plugins compatible for Editor in 0.68 ms, found 2 plugins.
Preloading 0 native plugins for Editor in 0.00 ms.
Mono: successfully reloaded assembly
- Completed reload, in  1.843 seconds
Domain Reload Profiling:
	ReloadAssembly (1844ms)
		BeginReloadAssembly (217ms)
			ExecutionOrderSort (0ms)
			DisableScriptedObjects (13ms)
			BackupInstance (0ms)
			ReleaseScriptingObjects (0ms)
			CreateAndSetChildDomain (114ms)
		EndReloadAssembly (1517ms)
			LoadAssemblies (126ms)
			RebuildTransferFunctionScriptingTraits (0ms)
			SetupTypeCache (582ms)
			ReleaseScriptCaches (2ms)
			RebuildScriptCaches (82ms)
			SetupLoadedEditorAssemblies (500ms)
				LogAssemblyErrors (0ms)
				InitializePlatformSupportModulesInManaged (7ms)
				SetLoadedEditorAssemblies (1ms)
				RefreshPlugins (1ms)
				BeforeProcessingInitializeOnLoad (127ms)
				ProcessInitializeOnLoadAttributes (357ms)
				ProcessInitializeOnLoadMethodAttributes (6ms)
				AfterProcessingInitializeOnLoad (2ms)
				EditorAssembliesLoaded (0ms)
			ExecutionOrderSort2 (0ms)
			AwakeInstancesAfterBackupRestoration (26ms)
Platform modules already initialized, skipping
Shader 'Universal Render Pipeline/Particles/Lit': fallback shader 'Universal Render Pipeline/Particles/SimpleLit' not found
Shader 'Universal Render Pipeline/Particles/Lit': fallback shader 'Universal Render Pipeline/Particles/SimpleLit' not found
Refreshing native plugins compatible for Editor in 0.99 ms, found 2 plugins.
Preloading 0 native plugins for Editor in 0.00 ms.
Unloading 3082 Unused Serialized files (Serialized files now loaded: 0)
System memory in use before: 264.5 MB.
System memory in use after: 261.9 MB.

Unloading 49 unused Assets to reduce memory usage. Loaded Objects now: 3689.
Total: 5.971039 ms (FindLiveObjects: 0.607235 ms CreateObjectMapping: 0.183165 ms MarkObjects: 3.319455 ms  DeleteObjects: 1.859989 ms)

AssetImportParameters requested are different than current active one (requested -> active):
  custom:video-decoder-ogg-theora: a1e56fd34408186e4bbccfd4996cb3dc -> 
  custom:container-muxer-webm: aa71ff27fc2769a1b78a27578f13a17b -> 
  custom:container-demuxer-webm: 4f35f7cbe854078d1ac9338744f61a02 -> 
  custom:container-demuxer-ogg: 62fdf1f143b41e24485cea50d1cbac27 -> 
  custom:video-encoder-webm-vp8: eb34c28f22e8b96e1ab97ce403110664 -> 
  custom:framework-osx-AVFoundation: e770b220cccbd017edd2c1fefb359320 -> 
  custom:video-decoder-webm-vp8: 9c59270c3fd7afecdb556c50c9e8de78 -> 
  custom:audio-decoder-ogg-vorbis: bf7c407c2cedff20999df2af8eb42d56 -> 
  custom:audio-encoder-webm-vorbis: bf7c407c2cedff20999df2af8eb42d56 -> 
